[debug] [2022-12-29T16:12:57.439Z] ----------------------------------------------------------------------
[debug] [2022-12-29T16:12:57.441Z] Command:       C:\Program Files\nodejs\node.exe C:\Users\babuh\AppData\Roaming\npm\node_modules\firebase-tools\lib\bin\firebase.js deploy
[debug] [2022-12-29T16:12:57.442Z] CLI Version:   11.15.0
[debug] [2022-12-29T16:12:57.442Z] Platform:      win32
[debug] [2022-12-29T16:12:57.442Z] Node Version:  v16.15.1
[debug] [2022-12-29T16:12:57.443Z] Time:          Thu Dec 29 2022 22:12:57 GMT+0600 (Bangladesh Standard Time)
[debug] [2022-12-29T16:12:57.443Z] ----------------------------------------------------------------------
[debug] 
[debug] [2022-12-29T16:12:57.545Z] > command requires scopes: ["email","openid","https://www.googleapis.com/auth/cloudplatformprojects.readonly","https://www.googleapis.com/auth/firebase","https://www.googleapis.com/auth/cloud-platform"]
[debug] [2022-12-29T16:12:57.546Z] > authorizing via signed-in user (mdgolammorshed0099@gmail.com)
[debug] [2022-12-29T16:12:57.546Z] [iam] checking project auth-context-app-e6f1a for permissions ["firebase.projects.get","firebasehosting.sites.update"]
[debug] [2022-12-29T16:12:57.549Z] >>> [apiv2][query] POST https://cloudresourcemanager.googleapis.com/v1/projects/auth-context-app-e6f1a:testIamPermissions [none]
[debug] [2022-12-29T16:12:57.549Z] >>> [apiv2][(partial)header] POST https://cloudresourcemanager.googleapis.com/v1/projects/auth-context-app-e6f1a:testIamPermissions x-goog-quota-user=projects/auth-context-app-e6f1a
[debug] [2022-12-29T16:12:57.549Z] >>> [apiv2][body] POST https://cloudresourcemanager.googleapis.com/v1/projects/auth-context-app-e6f1a:testIamPermissions {"permissions":["firebase.projects.get","firebasehosting.sites.update"]}
[debug] [2022-12-29T16:13:08.634Z] [iam] error while checking permissions, command may fail: FirebaseError: Failed to make request to https://cloudresourcemanager.googleapis.com/v1/projects/auth-context-app-e6f1a:testIamPermissions
[debug] [2022-12-29T16:13:08.639Z] >>> [apiv2][query] GET https://firebase.googleapis.com/v1beta1/projects/auth-context-app-e6f1a [none]
[debug] [2022-12-29T16:13:08.651Z] Failed to make request to https://firebase.googleapis.com/v1beta1/projects/auth-context-app-e6f1a
[debug] [2022-12-29T16:13:08.664Z] FirebaseError: Failed to make request to https://firebase.googleapis.com/v1beta1/projects/auth-context-app-e6f1a
    at RetryOperation._fn (C:\Users\babuh\AppData\Roaming\npm\node_modules\firebase-tools\lib\apiv2.js:242:31)
    at processTicksAndRejections (node:internal/process/task_queues:96:5)
[error] 
[error] Error: Failed to get Firebase project auth-context-app-e6f1a. Please make sure the project exists and your account has permission to access it.
[debug] [2022-12-29T16:13:34.272Z] ----------------------------------------------------------------------
[debug] [2022-12-29T16:13:34.276Z] Command:       C:\Program Files\nodejs\node.exe C:\Users\babuh\AppData\Roaming\npm\node_modules\firebase-tools\lib\bin\firebase.js deploy
[debug] [2022-12-29T16:13:34.277Z] CLI Version:   11.15.0
[debug] [2022-12-29T16:13:34.278Z] Platform:      win32
[debug] [2022-12-29T16:13:34.278Z] Node Version:  v16.15.1
[debug] [2022-12-29T16:13:34.280Z] Time:          Thu Dec 29 2022 22:13:34 GMT+0600 (Bangladesh Standard Time)
[debug] [2022-12-29T16:13:34.280Z] ----------------------------------------------------------------------
[debug] 
[debug] [2022-12-29T16:13:34.370Z] > command requires scopes: ["email","openid","https://www.googleapis.com/auth/cloudplatformprojects.readonly","https://www.googleapis.com/auth/firebase","https://www.googleapis.com/auth/cloud-platform"]
[debug] [2022-12-29T16:13:34.370Z] > authorizing via signed-in user (mdgolammorshed0099@gmail.com)
[debug] [2022-12-29T16:13:34.371Z] [iam] checking project auth-context-app-e6f1a for permissions ["firebase.projects.get","firebasehosting.sites.update"]
[debug] [2022-12-29T16:13:34.374Z] >>> [apiv2][query] POST https://cloudresourcemanager.googleapis.com/v1/projects/auth-context-app-e6f1a:testIamPermissions [none]
[debug] [2022-12-29T16:13:34.374Z] >>> [apiv2][(partial)header] POST https://cloudresourcemanager.googleapis.com/v1/projects/auth-context-app-e6f1a:testIamPermissions x-goog-quota-user=projects/auth-context-app-e6f1a
[debug] [2022-12-29T16:13:34.374Z] >>> [apiv2][body] POST https://cloudresourcemanager.googleapis.com/v1/projects/auth-context-app-e6f1a:testIamPermissions {"permissions":["firebase.projects.get","firebasehosting.sites.update"]}
[debug] [2022-12-29T16:13:34.403Z] [iam] error while checking permissions, command may fail: FirebaseError: Failed to make request to https://cloudresourcemanager.googleapis.com/v1/projects/auth-context-app-e6f1a:testIamPermissions
[debug] [2022-12-29T16:13:34.405Z] >>> [apiv2][query] GET https://firebase.googleapis.com/v1beta1/projects/auth-context-app-e6f1a [none]
[debug] [2022-12-29T16:13:34.429Z] Failed to make request to https://firebase.googleapis.com/v1beta1/projects/auth-context-app-e6f1a
[debug] [2022-12-29T16:13:34.456Z] FirebaseError: Failed to make request to https://firebase.googleapis.com/v1beta1/projects/auth-context-app-e6f1a
    at RetryOperation._fn (C:\Users\babuh\AppData\Roaming\npm\node_modules\firebase-tools\lib\apiv2.js:242:31)
    at processTicksAndRejections (node:internal/process/task_queues:96:5)
[error] 
[error] Error: Failed to get Firebase project auth-context-app-e6f1a. Please make sure the project exists and your account has permission to access it.
[debug] [2022-12-29T16:13:44.965Z] ----------------------------------------------------------------------
[debug] [2022-12-29T16:13:44.967Z] Command:       C:\Program Files\nodejs\node.exe C:\Users\babuh\AppData\Roaming\npm\node_modules\firebase-tools\lib\bin\firebase.js deploy
[debug] [2022-12-29T16:13:44.968Z] CLI Version:   11.15.0
[debug] [2022-12-29T16:13:44.968Z] Platform:      win32
[debug] [2022-12-29T16:13:44.968Z] Node Version:  v16.15.1
[debug] [2022-12-29T16:13:44.969Z] Time:          Thu Dec 29 2022 22:13:44 GMT+0600 (Bangladesh Standard Time)
[debug] [2022-12-29T16:13:44.969Z] ----------------------------------------------------------------------
[debug] 
[debug] [2022-12-29T16:13:45.054Z] > command requires scopes: ["email","openid","https://www.googleapis.com/auth/cloudplatformprojects.readonly","https://www.googleapis.com/auth/firebase","https://www.googleapis.com/auth/cloud-platform"]
[debug] [2022-12-29T16:13:45.055Z] > authorizing via signed-in user (mdgolammorshed0099@gmail.com)
[debug] [2022-12-29T16:13:45.055Z] [iam] checking project auth-context-app-e6f1a for permissions ["firebase.projects.get","firebasehosting.sites.update"]
[debug] [2022-12-29T16:13:45.058Z] >>> [apiv2][query] POST https://cloudresourcemanager.googleapis.com/v1/projects/auth-context-app-e6f1a:testIamPermissions [none]
[debug] [2022-12-29T16:13:45.059Z] >>> [apiv2][(partial)header] POST https://cloudresourcemanager.googleapis.com/v1/projects/auth-context-app-e6f1a:testIamPermissions x-goog-quota-user=projects/auth-context-app-e6f1a
[debug] [2022-12-29T16:13:45.059Z] >>> [apiv2][body] POST https://cloudresourcemanager.googleapis.com/v1/projects/auth-context-app-e6f1a:testIamPermissions {"permissions":["firebase.projects.get","firebasehosting.sites.update"]}
[debug] [2022-12-29T16:13:45.090Z] [iam] error while checking permissions, command may fail: FirebaseError: Failed to make request to https://cloudresourcemanager.googleapis.com/v1/projects/auth-context-app-e6f1a:testIamPermissions
[debug] [2022-12-29T16:13:45.092Z] >>> [apiv2][query] GET https://firebase.googleapis.com/v1beta1/projects/auth-context-app-e6f1a [none]
[debug] [2022-12-29T16:13:45.117Z] Failed to make request to https://firebase.googleapis.com/v1beta1/projects/auth-context-app-e6f1a
[debug] [2022-12-29T16:13:45.133Z] FirebaseError: Failed to make request to https://firebase.googleapis.com/v1beta1/projects/auth-context-app-e6f1a
    at RetryOperation._fn (C:\Users\babuh\AppData\Roaming\npm\node_modules\firebase-tools\lib\apiv2.js:242:31)
    at processTicksAndRejections (node:internal/process/task_queues:96:5)
[error] 
[error] Error: Failed to get Firebase project auth-context-app-e6f1a. Please make sure the project exists and your account has permission to access it.
[debug] [2022-12-29T16:15:04.467Z] ----------------------------------------------------------------------
[debug] [2022-12-29T16:15:04.469Z] Command:       C:\Program Files\nodejs\node.exe C:\Users\babuh\AppData\Roaming\npm\node_modules\firebase-tools\lib\bin\firebase.js deploy
[debug] [2022-12-29T16:15:04.470Z] CLI Version:   11.15.0
[debug] [2022-12-29T16:15:04.470Z] Platform:      win32
[debug] [2022-12-29T16:15:04.470Z] Node Version:  v16.15.1
[debug] [2022-12-29T16:15:04.471Z] Time:          Thu Dec 29 2022 22:15:04 GMT+0600 (Bangladesh Standard Time)
[debug] [2022-12-29T16:15:04.472Z] ----------------------------------------------------------------------
[debug] 
[debug] [2022-12-29T16:15:04.573Z] > command requires scopes: ["email","openid","https://www.googleapis.com/auth/cloudplatformprojects.readonly","https://www.googleapis.com/auth/firebase","https://www.googleapis.com/auth/cloud-platform"]
[debug] [2022-12-29T16:15:04.573Z] > authorizing via signed-in user (mdgolammorshed0099@gmail.com)
[debug] [2022-12-29T16:15:04.573Z] [iam] checking project auth-context-app-e6f1a for permissions ["firebase.projects.get","firebasehosting.sites.update"]
[debug] [2022-12-29T16:15:04.576Z] >>> [apiv2][query] POST https://cloudresourcemanager.googleapis.com/v1/projects/auth-context-app-e6f1a:testIamPermissions [none]
[debug] [2022-12-29T16:15:04.577Z] >>> [apiv2][(partial)header] POST https://cloudresourcemanager.googleapis.com/v1/projects/auth-context-app-e6f1a:testIamPermissions x-goog-quota-user=projects/auth-context-app-e6f1a
[debug] [2022-12-29T16:15:04.577Z] >>> [apiv2][body] POST https://cloudresourcemanager.googleapis.com/v1/projects/auth-context-app-e6f1a:testIamPermissions {"permissions":["firebase.projects.get","firebasehosting.sites.update"]}
[debug] [2022-12-29T16:15:09.394Z] <<< [apiv2][status] POST https://cloudresourcemanager.googleapis.com/v1/projects/auth-context-app-e6f1a:testIamPermissions 200
[debug] [2022-12-29T16:15:09.395Z] <<< [apiv2][body] POST https://cloudresourcemanager.googleapis.com/v1/projects/auth-context-app-e6f1a:testIamPermissions {"permissions":["firebase.projects.get","firebasehosting.sites.update"]}
[debug] [2022-12-29T16:15:09.399Z] >>> [apiv2][query] GET https://firebase.googleapis.com/v1beta1/projects/auth-context-app-e6f1a [none]
[debug] [2022-12-29T16:15:10.837Z] <<< [apiv2][status] GET https://firebase.googleapis.com/v1beta1/projects/auth-context-app-e6f1a 200
[debug] [2022-12-29T16:15:10.838Z] <<< [apiv2][body] GET https://firebase.googleapis.com/v1beta1/projects/auth-context-app-e6f1a {"projectId":"auth-context-app-e6f1a","projectNumber":"877698744420","displayName":"auth-context-app","name":"projects/auth-context-app-e6f1a","resources":{"hostingSite":"auth-context-app-e6f1a"},"state":"ACTIVE","etag":"1_e2f5d1db-f5da-40ff-a541-5d61b3bc2ced"}
[info] 
[info] === Deploying to 'auth-context-app-e6f1a'...
[info] 
[info] i  deploying hosting 
[debug] [2022-12-29T16:15:10.852Z] >>> [apiv2][query] POST https://firebasehosting.googleapis.com/v1beta1/projects/-/sites/auth-context-app-e6f1a/versions [none]
[debug] [2022-12-29T16:15:10.853Z] >>> [apiv2][body] POST https://firebasehosting.googleapis.com/v1beta1/projects/-/sites/auth-context-app-e6f1a/versions {"status":"CREATED","labels":{"deployment-tool":"cli-firebase"}}
